<?xml version="1.0" encoding="UTF-8"?>
<!-- Generated by org.testng.reporters.JUnitReportReporter -->
<testsuite skipped="0" hostname="pixint-HP-Laptop-15q-bu0xx" name="logtest.LogTEsting" tests="2" failures="0" timestamp="04 Apr 2020 11:28:03 GMT" time="23.371" errors="0">
  <testcase name="title_test" time="10.444" classname="logtest.LogTEsting"/>
  <testcase name="title" time="12.927" classname="logtest.LogTEsting"/>
</testsuite> <!-- logtest.LogTEsting -->
